
> pepsico-frontend@0.0.1 dev
> vite


  VITE v5.4.21  ready in 120 ms

  ➜  Local:   http://localhost:5173/
  ➜  Network: use --host to expose
6:35:12 PM [vite] .env.local changed, restarting server...
6:35:12 PM [vite] server restarted.
6:35:13 PM [vite] .env.local changed, restarting server...
6:35:14 PM [vite] server restarted.
6:35:15 PM [vite] .env.local changed, restarting server...
6:35:15 PM [vite] server restarted.
6:35:25 PM [vite] .env.local changed, restarting server...
6:35:25 PM [vite] server restarted.
6:35:29 PM [vite] .env.local changed, restarting server...
6:35:29 PM [vite] server restarted.
6:35:35 PM [vite] .env.local changed, restarting server...
6:35:35 PM [vite] server restarted.
10:24:22 PM [vite] .env.local changed, restarting server...
10:24:22 PM [vite] server restarted.
10:24:25 PM [vite] .env.local changed, restarting server...
10:24:25 PM [vite] server restarted.
10:25:27 PM [vite] .env.development changed, restarting server...
10:25:27 PM [vite] server restarted.
